{"/Users/pkibbey/Sites/react-ui-components/src/theme.js": {"path":"/Users/pkibbey/Sites/react-ui-components/src/theme.js","statementMap":{},"fnMap":{},"branchMap":{},"s":{},"f":{},"b":{},"_coverageSchema":"43e27e138ebf9cfc5966b082cf9a028302ed4184","hash":"9640165ef6041907cd803b80c49164602613f772"}
,"/Users/pkibbey/Sites/react-ui-components/src/components/Button/index.js": {"path":"/Users/pkibbey/Sites/react-ui-components/src/components/Button/index.js","statementMap":{"0":{"start":{"line":7,"column":18},"end":{"line":51,"column":1}},"1":{"start":{"line":8,"column":2},"end":{"line":50,"column":3}},"2":{"start":{"line":10,"column":6},"end":{"line":27,"column":7}},"3":{"start":{"line":29,"column":6},"end":{"line":49,"column":7}},"4":{"start":{"line":56,"column":15},"end":{"line":67,"column":1}},"5":{"start":{"line":57,"column":2},"end":{"line":66,"column":17}},"6":{"start":{"line":69,"column":0},"end":{"line":78,"column":1}},"7":{"start":{"line":80,"column":0},"end":{"line":85,"column":1}}},"fnMap":{"0":{"name":"(anonymous_0)","decl":{"start":{"line":7,"column":18},"end":{"line":7,"column":19}},"loc":{"start":{"line":7,"column":31},"end":{"line":51,"column":1}},"line":7},"1":{"name":"(anonymous_1)","decl":{"start":{"line":56,"column":15},"end":{"line":56,"column":16}},"loc":{"start":{"line":57,"column":2},"end":{"line":66,"column":17}},"line":57},"2":{"name":"(anonymous_2)","decl":{"start":{"line":82,"column":15},"end":{"line":82,"column":16}},"loc":{"start":{"line":82,"column":21},"end":{"line":82,"column":23}},"line":82}},"branchMap":{"0":{"loc":{"start":{"line":8,"column":2},"end":{"line":50,"column":3}},"type":"switch","locations":[{"start":{"line":9,"column":4},"end":{"line":27,"column":7}},{"start":{"line":28,"column":4},"end":{"line":49,"column":7}}],"line":8},"1":{"loc":{"start":{"line":58,"column":5},"end":{"line":65,"column":5}},"type":"cond-expr","locations":[{"start":{"line":59,"column":6},"end":{"line":62,"column":8}},{"start":{"line":64,"column":6},"end":{"line":64,"column":11}}],"line":58},"2":{"loc":{"start":{"line":60,"column":14},"end":{"line":60,"column":57}},"type":"cond-expr","locations":[{"start":{"line":60,"column":38},"end":{"line":60,"column":47}},{"start":{"line":60,"column":50},"end":{"line":60,"column":57}}],"line":60},"3":{"loc":{"start":{"line":61,"column":17},"end":{"line":61,"column":59}},"type":"cond-expr","locations":[{"start":{"line":61,"column":43},"end":{"line":61,"column":49}},{"start":{"line":61,"column":52},"end":{"line":61,"column":59}}],"line":61}},"s":{"0":0,"1":0,"2":0,"3":0,"4":0,"5":0,"6":0,"7":0},"f":{"0":0,"1":0,"2":0},"b":{"0":[0,0],"1":[0,0],"2":[0,0],"3":[0,0]},"hash":"5604ddc0d4ead90ca7d3fdbec01e98485819ebe7"}
,"/Users/pkibbey/Sites/react-ui-components/src/components/ErrorText/index.js": {"path":"/Users/pkibbey/Sites/react-ui-components/src/components/ErrorText/index.js","statementMap":{"0":{"start":{"line":11,"column":18},"end":{"line":26,"column":10}},"1":{"start":{"line":12,"column":2},"end":{"line":26,"column":10}},"2":{"start":{"line":28,"column":0},"end":{"line":35,"column":1}},"3":{"start":{"line":37,"column":0},"end":{"line":39,"column":1}}},"fnMap":{"0":{"name":"(anonymous_0)","decl":{"start":{"line":11,"column":18},"end":{"line":11,"column":19}},"loc":{"start":{"line":12,"column":2},"end":{"line":26,"column":10}},"line":12}},"branchMap":{"0":{"loc":{"start":{"line":12,"column":2},"end":{"line":26,"column":10}},"type":"cond-expr","locations":[{"start":{"line":13,"column":4},"end":{"line":25,"column":11}},{"start":{"line":26,"column":6},"end":{"line":26,"column":10}}],"line":12},"1":{"loc":{"start":{"line":12,"column":2},"end":{"line":12,"column":38}},"type":"binary-expr","locations":[{"start":{"line":12,"column":2},"end":{"line":12,"column":15}},{"start":{"line":12,"column":19},"end":{"line":12,"column":38}}],"line":12}},"s":{"0":3,"1":8,"2":3,"3":3},"f":{"0":8},"b":{"0":[0,8],"1":[8,4]},"_coverageSchema":"43e27e138ebf9cfc5966b082cf9a028302ed4184","hash":"59c9f763d7418cb651faa271f0862599b33b0c50"}
,"/Users/pkibbey/Sites/react-ui-components/src/components/InputField/ErrorRequirements.js": {"path":"/Users/pkibbey/Sites/react-ui-components/src/components/InputField/ErrorRequirements.js","statementMap":{"0":{"start":{"line":6,"column":18},"end":{"line":25,"column":1}},"1":{"start":{"line":7,"column":2},"end":{"line":24,"column":3}},"2":{"start":{"line":9,"column":6},"end":{"line":15,"column":7}},"3":{"start":{"line":17,"column":6},"end":{"line":23,"column":7}},"4":{"start":{"line":27,"column":31},"end":{"line":50,"column":4}},"5":{"start":{"line":28,"column":2},"end":{"line":50,"column":4}},"6":{"start":{"line":29,"column":4},"end":{"line":49,"column":5}},"7":{"start":{"line":31,"column":8},"end":{"line":39,"column":10}},"8":{"start":{"line":32,"column":10},"end":{"line":38,"column":17}},"9":{"start":{"line":41,"column":8},"end":{"line":46,"column":9}},"10":{"start":{"line":48,"column":8},"end":{"line":48,"column":19}},"11":{"start":{"line":52,"column":26},"end":{"line":71,"column":1}},"12":{"start":{"line":53,"column":2},"end":{"line":69,"column":3}},"13":{"start":{"line":54,"column":4},"end":{"line":68,"column":5}},"14":{"start":{"line":70,"column":2},"end":{"line":70,"column":13}},"15":{"start":{"line":73,"column":0},"end":{"line":95,"column":1}},"16":{"start":{"line":97,"column":0},"end":{"line":100,"column":1}}},"fnMap":{"0":{"name":"(anonymous_0)","decl":{"start":{"line":6,"column":18},"end":{"line":6,"column":19}},"loc":{"start":{"line":6,"column":31},"end":{"line":25,"column":1}},"line":6},"1":{"name":"(anonymous_1)","decl":{"start":{"line":27,"column":31},"end":{"line":27,"column":32}},"loc":{"start":{"line":28,"column":2},"end":{"line":50,"column":4}},"line":28},"2":{"name":"(anonymous_2)","decl":{"start":{"line":28,"column":25},"end":{"line":28,"column":26}},"loc":{"start":{"line":28,"column":35},"end":{"line":50,"column":3}},"line":28},"3":{"name":"(anonymous_3)","decl":{"start":{"line":31,"column":30},"end":{"line":31,"column":31}},"loc":{"start":{"line":32,"column":10},"end":{"line":38,"column":17}},"line":32},"4":{"name":"(anonymous_4)","decl":{"start":{"line":52,"column":26},"end":{"line":52,"column":27}},"loc":{"start":{"line":52,"column":50},"end":{"line":71,"column":1}},"line":52}},"branchMap":{"0":{"loc":{"start":{"line":7,"column":2},"end":{"line":24,"column":3}},"type":"switch","locations":[{"start":{"line":8,"column":4},"end":{"line":15,"column":7}},{"start":{"line":16,"column":4},"end":{"line":23,"column":7}}],"line":7},"1":{"loc":{"start":{"line":29,"column":4},"end":{"line":49,"column":5}},"type":"switch","locations":[{"start":{"line":30,"column":6},"end":{"line":39,"column":10}},{"start":{"line":40,"column":6},"end":{"line":46,"column":9}},{"start":{"line":47,"column":6},"end":{"line":48,"column":19}}],"line":29},"2":{"loc":{"start":{"line":34,"column":26},"end":{"line":34,"column":70}},"type":"cond-expr","locations":[{"start":{"line":34,"column":38},"end":{"line":34,"column":49}},{"start":{"line":34,"column":52},"end":{"line":34,"column":70}}],"line":34},"3":{"loc":{"start":{"line":35,"column":16},"end":{"line":35,"column":38}},"type":"cond-expr","locations":[{"start":{"line":35,"column":33},"end":{"line":35,"column":34}},{"start":{"line":35,"column":37},"end":{"line":35,"column":38}}],"line":35},"4":{"loc":{"start":{"line":53,"column":2},"end":{"line":69,"column":3}},"type":"if","locations":[{"start":{"line":53,"column":2},"end":{"line":69,"column":3}},{"start":{"line":53,"column":2},"end":{"line":69,"column":3}}],"line":53},"5":{"loc":{"start":{"line":53,"column":6},"end":{"line":53,"column":63}},"type":"binary-expr","locations":[{"start":{"line":53,"column":7},"end":{"line":53,"column":29}},{"start":{"line":53,"column":33},"end":{"line":53,"column":40}},{"start":{"line":53,"column":45},"end":{"line":53,"column":63}}],"line":53}},"s":{"0":2,"1":9,"2":2,"3":7,"4":2,"5":3,"6":21,"7":2,"8":4,"9":2,"10":17,"11":2,"12":11,"13":3,"14":8,"15":2,"16":2},"f":{"0":9,"1":3,"2":21,"3":4,"4":11},"b":{"0":[2,7],"1":[2,2,17],"2":[2,2],"3":[1,3],"4":[3,8],"5":[11,8,5]},"_coverageSchema":"43e27e138ebf9cfc5966b082cf9a028302ed4184","hash":"db0c135f37ab2f74b84fe0ae016e04c3a27333ef"}
,"/Users/pkibbey/Sites/react-ui-components/src/components/InputField/PasswordIcon.js": {"path":"/Users/pkibbey/Sites/react-ui-components/src/components/InputField/PasswordIcon.js","statementMap":{"0":{"start":{"line":4,"column":2},"end":{"line":22,"column":3}}},"fnMap":{"0":{"name":"PasswordIcon","decl":{"start":{"line":3,"column":9},"end":{"line":3,"column":21}},"loc":{"start":{"line":3,"column":35},"end":{"line":23,"column":1}},"line":3}},"branchMap":{"0":{"loc":{"start":{"line":15,"column":10},"end":{"line":17,"column":108}},"type":"cond-expr","locations":[{"start":{"line":16,"column":14},"end":{"line":16,"column":169}},{"start":{"line":17,"column":14},"end":{"line":17,"column":108}}],"line":15}},"s":{"0":2},"f":{"0":2},"b":{"0":[1,1]},"_coverageSchema":"43e27e138ebf9cfc5966b082cf9a028302ed4184","hash":"ace056a32b235cd3eac834494c50c5c02b49e275"}
,"/Users/pkibbey/Sites/react-ui-components/src/components/InputField/index.js": {"path":"/Users/pkibbey/Sites/react-ui-components/src/components/InputField/index.js","statementMap":{"0":{"start":{"line":10,"column":18},"end":{"line":59,"column":1}},"1":{"start":{"line":11,"column":2},"end":{"line":58,"column":3}},"2":{"start":{"line":13,"column":6},"end":{"line":34,"column":7}},"3":{"start":{"line":36,"column":6},"end":{"line":57,"column":7}},"4":{"start":{"line":66,"column":19},"end":{"line":172,"column":1}},"5":{"start":{"line":77,"column":36},"end":{"line":77,"column":51}},"6":{"start":{"line":78,"column":52},"end":{"line":78,"column":67}},"7":{"start":{"line":79,"column":19},"end":{"line":79,"column":27}},"8":{"start":{"line":81,"column":21},"end":{"line":81,"column":40}},"9":{"start":{"line":82,"column":20},"end":{"line":82,"column":42}},"10":{"start":{"line":84,"column":30},"end":{"line":88,"column":3}},"11":{"start":{"line":87,"column":4},"end":{"line":87,"column":54}},"12":{"start":{"line":90,"column":2},"end":{"line":95,"column":25}},"13":{"start":{"line":92,"column":4},"end":{"line":94,"column":5}},"14":{"start":{"line":93,"column":6},"end":{"line":93,"column":30}},"15":{"start":{"line":97,"column":25},"end":{"line":115,"column":3}},"16":{"start":{"line":98,"column":4},"end":{"line":114,"column":11}},"17":{"start":{"line":102,"column":21},"end":{"line":102,"column":61}},"18":{"start":{"line":117,"column":2},"end":{"line":171,"column":3}},"19":{"start":{"line":148,"column":27},"end":{"line":148,"column":45}},"20":{"start":{"line":150,"column":14},"end":{"line":150,"column":33}},"21":{"start":{"line":151,"column":14},"end":{"line":151,"column":69}},"22":{"start":{"line":155,"column":14},"end":{"line":155,"column":68}},"23":{"start":{"line":174,"column":0},"end":{"line":212,"column":1}},"24":{"start":{"line":214,"column":0},"end":{"line":217,"column":1}}},"fnMap":{"0":{"name":"(anonymous_0)","decl":{"start":{"line":10,"column":18},"end":{"line":10,"column":19}},"loc":{"start":{"line":10,"column":31},"end":{"line":59,"column":1}},"line":10},"1":{"name":"(anonymous_1)","decl":{"start":{"line":66,"column":19},"end":{"line":66,"column":20}},"loc":{"start":{"line":76,"column":6},"end":{"line":172,"column":1}},"line":76},"2":{"name":"(anonymous_2)","decl":{"start":{"line":84,"column":30},"end":{"line":84,"column":31}},"loc":{"start":{"line":84,"column":36},"end":{"line":88,"column":3}},"line":84},"3":{"name":"(anonymous_3)","decl":{"start":{"line":90,"column":12},"end":{"line":90,"column":13}},"loc":{"start":{"line":90,"column":18},"end":{"line":95,"column":3}},"line":90},"4":{"name":"(anonymous_4)","decl":{"start":{"line":97,"column":25},"end":{"line":97,"column":26}},"loc":{"start":{"line":98,"column":4},"end":{"line":114,"column":11}},"line":98},"5":{"name":"(anonymous_5)","decl":{"start":{"line":102,"column":15},"end":{"line":102,"column":16}},"loc":{"start":{"line":102,"column":21},"end":{"line":102,"column":61}},"line":102},"6":{"name":"(anonymous_6)","decl":{"start":{"line":148,"column":21},"end":{"line":148,"column":22}},"loc":{"start":{"line":148,"column":27},"end":{"line":148,"column":45}},"line":148},"7":{"name":"(anonymous_7)","decl":{"start":{"line":149,"column":20},"end":{"line":149,"column":21}},"loc":{"start":{"line":149,"column":26},"end":{"line":152,"column":13}},"line":149},"8":{"name":"(anonymous_8)","decl":{"start":{"line":154,"column":22},"end":{"line":154,"column":23}},"loc":{"start":{"line":155,"column":14},"end":{"line":155,"column":68}},"line":155}},"branchMap":{"0":{"loc":{"start":{"line":11,"column":2},"end":{"line":58,"column":3}},"type":"switch","locations":[{"start":{"line":12,"column":4},"end":{"line":34,"column":7}},{"start":{"line":35,"column":4},"end":{"line":57,"column":7}}],"line":11},"1":{"loc":{"start":{"line":82,"column":20},"end":{"line":82,"column":42}},"type":"binary-expr","locations":[{"start":{"line":82,"column":20},"end":{"line":82,"column":25}},{"start":{"line":82,"column":29},"end":{"line":82,"column":42}}],"line":82},"2":{"loc":{"start":{"line":92,"column":4},"end":{"line":94,"column":5}},"type":"if","locations":[{"start":{"line":92,"column":4},"end":{"line":94,"column":5}},{"start":{"line":92,"column":4},"end":{"line":94,"column":5}}],"line":92},"3":{"loc":{"start":{"line":113,"column":29},"end":{"line":113,"column":64}},"type":"cond-expr","locations":[{"start":{"line":113,"column":49},"end":{"line":113,"column":55}},{"start":{"line":113,"column":58},"end":{"line":113,"column":64}}],"line":113},"4":{"loc":{"start":{"line":121,"column":19},"end":{"line":121,"column":49}},"type":"cond-expr","locations":[{"start":{"line":121,"column":33},"end":{"line":121,"column":40}},{"start":{"line":121,"column":43},"end":{"line":121,"column":49}}],"line":121},"5":{"loc":{"start":{"line":138,"column":11},"end":{"line":138,"column":43}},"type":"binary-expr","locations":[{"start":{"line":138,"column":11},"end":{"line":138,"column":21}},{"start":{"line":138,"column":25},"end":{"line":138,"column":43}}],"line":138},"6":{"loc":{"start":{"line":144,"column":18},"end":{"line":144,"column":72}},"type":"cond-expr","locations":[{"start":{"line":144,"column":53},"end":{"line":144,"column":63}},{"start":{"line":144,"column":66},"end":{"line":144,"column":72}}],"line":144},"7":{"loc":{"start":{"line":144,"column":18},"end":{"line":144,"column":50}},"type":"binary-expr","locations":[{"start":{"line":144,"column":18},"end":{"line":144,"column":28}},{"start":{"line":144,"column":32},"end":{"line":144,"column":50}}],"line":144},"8":{"loc":{"start":{"line":146,"column":16},"end":{"line":146,"column":33}},"type":"cond-expr","locations":[{"start":{"line":146,"column":28},"end":{"line":146,"column":29}},{"start":{"line":146,"column":32},"end":{"line":146,"column":33}}],"line":146},"9":{"loc":{"start":{"line":151,"column":14},"end":{"line":151,"column":69}},"type":"binary-expr","locations":[{"start":{"line":151,"column":14},"end":{"line":151,"column":24}},{"start":{"line":151,"column":28},"end":{"line":151,"column":69}}],"line":151},"10":{"loc":{"start":{"line":153,"column":16},"end":{"line":153,"column":56}},"type":"cond-expr","locations":[{"start":{"line":153,"column":51},"end":{"line":153,"column":52}},{"start":{"line":153,"column":55},"end":{"line":153,"column":56}}],"line":153},"11":{"loc":{"start":{"line":153,"column":16},"end":{"line":153,"column":48}},"type":"binary-expr","locations":[{"start":{"line":153,"column":16},"end":{"line":153,"column":26}},{"start":{"line":153,"column":30},"end":{"line":153,"column":48}}],"line":153},"12":{"loc":{"start":{"line":155,"column":14},"end":{"line":155,"column":68}},"type":"binary-expr","locations":[{"start":{"line":155,"column":14},"end":{"line":155,"column":26}},{"start":{"line":155,"column":30},"end":{"line":155,"column":68}}],"line":155},"13":{"loc":{"start":{"line":158,"column":27},"end":{"line":158,"column":69}},"type":"cond-expr","locations":[{"start":{"line":158,"column":39},"end":{"line":158,"column":55}},{"start":{"line":158,"column":58},"end":{"line":158,"column":69}}],"line":158},"14":{"loc":{"start":{"line":169,"column":7},"end":{"line":169,"column":54}},"type":"binary-expr","locations":[{"start":{"line":169,"column":7},"end":{"line":169,"column":16}},{"start":{"line":169,"column":20},"end":{"line":169,"column":54}}],"line":169}},"s":{"0":1,"1":7,"2":1,"3":6,"4":1,"5":7,"6":7,"7":7,"8":7,"9":7,"10":7,"11":7,"12":7,"13":5,"14":1,"15":7,"16":2,"17":1,"18":7,"19":1,"20":1,"21":1,"22":1,"23":1,"24":1},"f":{"0":7,"1":7,"2":7,"3":5,"4":2,"5":1,"6":1,"7":1,"8":1},"b":{"0":[1,6],"1":[7,1],"2":[1,4],"3":[1,1],"4":[0,7],"5":[7,2],"6":[1,6],"7":[7,2],"8":[1,6],"9":[1,1],"10":[1,6],"11":[7,2],"12":[1,1],"13":[1,6],"14":[7,1]},"_coverageSchema":"43e27e138ebf9cfc5966b082cf9a028302ed4184","hash":"b2e25cb1d9d2b5165c3c350289f4a77c47f0714d"}
,"/Users/pkibbey/Sites/react-ui-components/src/components/Loader/LoadingIcon.js": {"path":"/Users/pkibbey/Sites/react-ui-components/src/components/Loader/LoadingIcon.js","statementMap":{"0":{"start":{"line":5,"column":2},"end":{"line":32,"column":3}}},"fnMap":{"0":{"name":"LoadingIcon","decl":{"start":{"line":4,"column":9},"end":{"line":4,"column":20}},"loc":{"start":{"line":4,"column":49},"end":{"line":33,"column":1}},"line":4}},"branchMap":{"0":{"loc":{"start":{"line":10,"column":14},"end":{"line":10,"column":66}},"type":"cond-expr","locations":[{"start":{"line":10,"column":35},"end":{"line":10,"column":56}},{"start":{"line":10,"column":59},"end":{"line":10,"column":66}}],"line":10}},"s":{"0":1},"f":{"0":1},"b":{"0":[0,1]},"_coverageSchema":"43e27e138ebf9cfc5966b082cf9a028302ed4184","hash":"52f11771b961f9cebb7eb21ade990f4eceba9451"}
,"/Users/pkibbey/Sites/react-ui-components/src/components/Loader/index.js": {"path":"/Users/pkibbey/Sites/react-ui-components/src/components/Loader/index.js","statementMap":{"0":{"start":{"line":5,"column":24},"end":{"line":14,"column":1}},"1":{"start":{"line":6,"column":2},"end":{"line":13,"column":3}},"2":{"start":{"line":8,"column":6},"end":{"line":8,"column":15}},"3":{"start":{"line":10,"column":6},"end":{"line":10,"column":15}},"4":{"start":{"line":12,"column":6},"end":{"line":12,"column":15}},"5":{"start":{"line":19,"column":15},"end":{"line":26,"column":1}},"6":{"start":{"line":20,"column":2},"end":{"line":25,"column":4}},"7":{"start":{"line":28,"column":0},"end":{"line":33,"column":1}},"8":{"start":{"line":35,"column":0},"end":{"line":38,"column":1}}},"fnMap":{"0":{"name":"(anonymous_0)","decl":{"start":{"line":5,"column":24},"end":{"line":5,"column":25}},"loc":{"start":{"line":5,"column":34},"end":{"line":14,"column":1}},"line":5},"1":{"name":"(anonymous_1)","decl":{"start":{"line":19,"column":15},"end":{"line":19,"column":16}},"loc":{"start":{"line":20,"column":2},"end":{"line":25,"column":4}},"line":20}},"branchMap":{"0":{"loc":{"start":{"line":6,"column":2},"end":{"line":13,"column":3}},"type":"switch","locations":[{"start":{"line":7,"column":4},"end":{"line":8,"column":15}},{"start":{"line":9,"column":4},"end":{"line":10,"column":15}},{"start":{"line":11,"column":4},"end":{"line":12,"column":15}}],"line":6}},"s":{"0":1,"1":2,"2":0,"3":0,"4":2,"5":1,"6":1,"7":1,"8":1},"f":{"0":2,"1":1},"b":{"0":[0,0,2]},"_coverageSchema":"43e27e138ebf9cfc5966b082cf9a028302ed4184","hash":"859d557a9c7bb94523e4dbef96d4513094d5c86f"}
,"/Users/pkibbey/Sites/react-ui-components/src/components/LoadingDots/index.js": {"path":"/Users/pkibbey/Sites/react-ui-components/src/components/LoadingDots/index.js","statementMap":{"0":{"start":{"line":7,"column":15},"end":{"line":20,"column":1}},"1":{"start":{"line":21,"column":19},"end":{"line":36,"column":1}},"2":{"start":{"line":22,"column":2},"end":{"line":35,"column":4}},"3":{"start":{"line":43,"column":20},"end":{"line":60,"column":1}},"4":{"start":{"line":44,"column":2},"end":{"line":59,"column":8}},"5":{"start":{"line":62,"column":0},"end":{"line":65,"column":1}},"6":{"start":{"line":67,"column":0},"end":{"line":69,"column":1}}},"fnMap":{"0":{"name":"(anonymous_0)","decl":{"start":{"line":21,"column":19},"end":{"line":21,"column":20}},"loc":{"start":{"line":22,"column":2},"end":{"line":35,"column":4}},"line":22},"1":{"name":"(anonymous_1)","decl":{"start":{"line":43,"column":20},"end":{"line":43,"column":21}},"loc":{"start":{"line":44,"column":2},"end":{"line":59,"column":8}},"line":44}},"branchMap":{"0":{"loc":{"start":{"line":25,"column":23},"end":{"line":25,"column":78}},"type":"cond-expr","locations":[{"start":{"line":25,"column":45},"end":{"line":25,"column":52}},{"start":{"line":25,"column":55},"end":{"line":25,"column":78}}],"line":25}},"s":{"0":0,"1":0,"2":0,"3":0,"4":0,"5":0,"6":0},"f":{"0":0,"1":0},"b":{"0":[0,0]},"hash":"dbea08b8c0fe00156b3db8229325ef8cb527aeca"}
,"/Users/pkibbey/Sites/react-ui-components/src/components/SelectField/index.js": {"path":"/Users/pkibbey/Sites/react-ui-components/src/components/SelectField/index.js","statementMap":{"0":{"start":{"line":8,"column":18},"end":{"line":103,"column":1}},"1":{"start":{"line":9,"column":2},"end":{"line":102,"column":3}},"2":{"start":{"line":11,"column":6},"end":{"line":32,"column":7}},"3":{"start":{"line":34,"column":6},"end":{"line":55,"column":7}},"4":{"start":{"line":57,"column":6},"end":{"line":78,"column":7}},"5":{"start":{"line":80,"column":6},"end":{"line":101,"column":7}},"6":{"start":{"line":110,"column":20},"end":{"line":188,"column":1}},"7":{"start":{"line":119,"column":20},"end":{"line":119,"column":42}},"8":{"start":{"line":121,"column":21},"end":{"line":132,"column":3}},"9":{"start":{"line":122,"column":4},"end":{"line":124,"column":5}},"10":{"start":{"line":123,"column":6},"end":{"line":123,"column":37}},"11":{"start":{"line":125,"column":4},"end":{"line":127,"column":5}},"12":{"start":{"line":126,"column":6},"end":{"line":126,"column":29}},"13":{"start":{"line":128,"column":4},"end":{"line":130,"column":5}},"14":{"start":{"line":129,"column":6},"end":{"line":129,"column":32}},"15":{"start":{"line":131,"column":4},"end":{"line":131,"column":22}},"16":{"start":{"line":134,"column":2},"end":{"line":187,"column":3}},"17":{"start":{"line":160,"column":12},"end":{"line":160,"column":66}},"18":{"start":{"line":162,"column":24},"end":{"line":162,"column":79}},"19":{"start":{"line":175,"column":12},"end":{"line":181,"column":21}},"20":{"start":{"line":190,"column":0},"end":{"line":209,"column":1}},"21":{"start":{"line":211,"column":0},"end":{"line":216,"column":1}}},"fnMap":{"0":{"name":"(anonymous_0)","decl":{"start":{"line":8,"column":18},"end":{"line":8,"column":19}},"loc":{"start":{"line":8,"column":31},"end":{"line":103,"column":1}},"line":8},"1":{"name":"(anonymous_1)","decl":{"start":{"line":110,"column":20},"end":{"line":110,"column":21}},"loc":{"start":{"line":118,"column":6},"end":{"line":188,"column":1}},"line":118},"2":{"name":"(anonymous_2)","decl":{"start":{"line":121,"column":21},"end":{"line":121,"column":22}},"loc":{"start":{"line":121,"column":27},"end":{"line":132,"column":3}},"line":121},"3":{"name":"(anonymous_3)","decl":{"start":{"line":159,"column":20},"end":{"line":159,"column":21}},"loc":{"start":{"line":160,"column":12},"end":{"line":160,"column":66}},"line":160},"4":{"name":"(anonymous_4)","decl":{"start":{"line":162,"column":18},"end":{"line":162,"column":19}},"loc":{"start":{"line":162,"column":24},"end":{"line":162,"column":79}},"line":162},"5":{"name":"(anonymous_5)","decl":{"start":{"line":174,"column":23},"end":{"line":174,"column":24}},"loc":{"start":{"line":175,"column":12},"end":{"line":181,"column":21}},"line":175}},"branchMap":{"0":{"loc":{"start":{"line":9,"column":2},"end":{"line":102,"column":3}},"type":"switch","locations":[{"start":{"line":10,"column":4},"end":{"line":32,"column":7}},{"start":{"line":33,"column":4},"end":{"line":55,"column":7}},{"start":{"line":56,"column":4},"end":{"line":78,"column":7}},{"start":{"line":79,"column":4},"end":{"line":101,"column":7}}],"line":9},"1":{"loc":{"start":{"line":119,"column":20},"end":{"line":119,"column":42}},"type":"binary-expr","locations":[{"start":{"line":119,"column":20},"end":{"line":119,"column":25}},{"start":{"line":119,"column":29},"end":{"line":119,"column":42}}],"line":119},"2":{"loc":{"start":{"line":122,"column":4},"end":{"line":124,"column":5}},"type":"if","locations":[{"start":{"line":122,"column":4},"end":{"line":124,"column":5}},{"start":{"line":122,"column":4},"end":{"line":124,"column":5}}],"line":122},"3":{"loc":{"start":{"line":122,"column":8},"end":{"line":122,"column":33}},"type":"binary-expr","locations":[{"start":{"line":122,"column":8},"end":{"line":122,"column":17}},{"start":{"line":122,"column":21},"end":{"line":122,"column":33}}],"line":122},"4":{"loc":{"start":{"line":125,"column":4},"end":{"line":127,"column":5}},"type":"if","locations":[{"start":{"line":125,"column":4},"end":{"line":127,"column":5}},{"start":{"line":125,"column":4},"end":{"line":127,"column":5}}],"line":125},"5":{"loc":{"start":{"line":128,"column":4},"end":{"line":130,"column":5}},"type":"if","locations":[{"start":{"line":128,"column":4},"end":{"line":130,"column":5}},{"start":{"line":128,"column":4},"end":{"line":130,"column":5}}],"line":128},"6":{"loc":{"start":{"line":160,"column":12},"end":{"line":160,"column":66}},"type":"binary-expr","locations":[{"start":{"line":160,"column":12},"end":{"line":160,"column":24}},{"start":{"line":160,"column":28},"end":{"line":160,"column":66}}],"line":160},"7":{"loc":{"start":{"line":162,"column":24},"end":{"line":162,"column":79}},"type":"binary-expr","locations":[{"start":{"line":162,"column":24},"end":{"line":162,"column":34}},{"start":{"line":162,"column":38},"end":{"line":162,"column":79}}],"line":162},"8":{"loc":{"start":{"line":164,"column":14},"end":{"line":164,"column":31}},"type":"cond-expr","locations":[{"start":{"line":164,"column":26},"end":{"line":164,"column":27}},{"start":{"line":164,"column":30},"end":{"line":164,"column":31}}],"line":164}},"s":{"0":1,"1":4,"2":1,"3":0,"4":0,"5":3,"6":1,"7":4,"8":4,"9":4,"10":0,"11":4,"12":1,"13":3,"14":0,"15":3,"16":4,"17":1,"18":1,"19":12,"20":1,"21":1},"f":{"0":4,"1":4,"2":4,"3":1,"4":1,"5":12},"b":{"0":[1,0,0,3],"1":[4,4],"2":[0,4],"3":[4,1],"4":[1,3],"5":[0,3],"6":[1,1],"7":[1,1],"8":[1,3]},"_coverageSchema":"43e27e138ebf9cfc5966b082cf9a028302ed4184","hash":"a0035b9273a623efc9c6dfdcacd1fe1fa9c982a6"}
}
