{"/Users/pkibbey/Sites/lp-react-components/src/components/ThemeWrapper.js": {"path":"/Users/pkibbey/Sites/lp-react-components/src/components/ThemeWrapper.js","statementMap":{"0":{"start":{"line":11,"column":21},"end":{"line":17,"column":1}},"1":{"start":{"line":12,"column":2},"end":{"line":16,"column":3}},"2":{"start":{"line":19,"column":0},"end":{"line":22,"column":1}},"3":{"start":{"line":24,"column":0},"end":{"line":26,"column":1}}},"fnMap":{"0":{"name":"(anonymous_0)","decl":{"start":{"line":11,"column":21},"end":{"line":11,"column":22}},"loc":{"start":{"line":11,"column":39},"end":{"line":17,"column":1}},"line":11}},"branchMap":{},"s":{"0":4,"1":27,"2":4,"3":4},"f":{"0":27},"b":{},"_coverageSchema":"1a1c01bbd47fc00a2c39e90264f33305004495a9","hash":"f391a62d1d0f444d41035bea84c548bd8e919a41"}
,"/Users/pkibbey/Sites/lp-react-components/src/components/Button/index.js": {"path":"/Users/pkibbey/Sites/lp-react-components/src/components/Button/index.js","statementMap":{"0":{"start":{"line":10,"column":15},"end":{"line":35,"column":1}},"1":{"start":{"line":18,"column":2},"end":{"line":34,"column":17}},"2":{"start":{"line":37,"column":0},"end":{"line":48,"column":1}},"3":{"start":{"line":50,"column":0},"end":{"line":56,"column":1}}},"fnMap":{"0":{"name":"(anonymous_0)","decl":{"start":{"line":10,"column":15},"end":{"line":10,"column":16}},"loc":{"start":{"line":18,"column":2},"end":{"line":34,"column":17}},"line":18}},"branchMap":{"0":{"loc":{"start":{"line":22,"column":19},"end":{"line":22,"column":48}},"type":"cond-expr","locations":[{"start":{"line":22,"column":33},"end":{"line":22,"column":39}},{"start":{"line":22,"column":42},"end":{"line":22,"column":48}}],"line":22},"1":{"loc":{"start":{"line":25,"column":7},"end":{"line":32,"column":7}},"type":"cond-expr","locations":[{"start":{"line":26,"column":8},"end":{"line":29,"column":10}},{"start":{"line":31,"column":8},"end":{"line":31,"column":13}}],"line":25},"2":{"loc":{"start":{"line":27,"column":16},"end":{"line":27,"column":59}},"type":"cond-expr","locations":[{"start":{"line":27,"column":40},"end":{"line":27,"column":49}},{"start":{"line":27,"column":52},"end":{"line":27,"column":59}}],"line":27},"3":{"loc":{"start":{"line":28,"column":19},"end":{"line":28,"column":61}},"type":"cond-expr","locations":[{"start":{"line":28,"column":45},"end":{"line":28,"column":51}},{"start":{"line":28,"column":54},"end":{"line":28,"column":61}}],"line":28}},"s":{"0":1,"1":6,"2":1,"3":1},"f":{"0":6},"b":{"0":[1,5],"1":[2,4],"2":[1,1],"3":[1,1]},"_coverageSchema":"1a1c01bbd47fc00a2c39e90264f33305004495a9","hash":"741945e1f900b36420bbd42ee0f4a5aaf8e843fd"}
,"/Users/pkibbey/Sites/lp-react-components/src/components/ErrorText/index.js": {"path":"/Users/pkibbey/Sites/lp-react-components/src/components/ErrorText/index.js","statementMap":{"0":{"start":{"line":11,"column":18},"end":{"line":18,"column":10}},"1":{"start":{"line":12,"column":2},"end":{"line":18,"column":10}},"2":{"start":{"line":20,"column":0},"end":{"line":27,"column":1}},"3":{"start":{"line":29,"column":0},"end":{"line":31,"column":1}}},"fnMap":{"0":{"name":"(anonymous_0)","decl":{"start":{"line":11,"column":18},"end":{"line":11,"column":19}},"loc":{"start":{"line":12,"column":2},"end":{"line":18,"column":10}},"line":12}},"branchMap":{"0":{"loc":{"start":{"line":12,"column":2},"end":{"line":18,"column":10}},"type":"cond-expr","locations":[{"start":{"line":13,"column":4},"end":{"line":17,"column":19}},{"start":{"line":18,"column":6},"end":{"line":18,"column":10}}],"line":12},"1":{"loc":{"start":{"line":12,"column":2},"end":{"line":12,"column":38}},"type":"binary-expr","locations":[{"start":{"line":12,"column":2},"end":{"line":12,"column":15}},{"start":{"line":12,"column":19},"end":{"line":12,"column":38}}],"line":12}},"s":{"0":3,"1":20,"2":3,"3":3},"f":{"0":20},"b":{"0":[3,17],"1":[20,10]},"_coverageSchema":"1a1c01bbd47fc00a2c39e90264f33305004495a9","hash":"3c34872d0f456fe4a6d8b91c510504877e79ae2f"}
,"/Users/pkibbey/Sites/lp-react-components/src/components/InputField/ErrorRequirements.js": {"path":"/Users/pkibbey/Sites/lp-react-components/src/components/InputField/ErrorRequirements.js","statementMap":{"0":{"start":{"line":5,"column":31},"end":{"line":25,"column":4}},"1":{"start":{"line":6,"column":2},"end":{"line":25,"column":4}},"2":{"start":{"line":7,"column":4},"end":{"line":24,"column":5}},"3":{"start":{"line":9,"column":8},"end":{"line":17,"column":10}},"4":{"start":{"line":10,"column":10},"end":{"line":16,"column":17}},"5":{"start":{"line":19,"column":8},"end":{"line":23,"column":9}},"6":{"start":{"line":27,"column":26},"end":{"line":47,"column":1}},"7":{"start":{"line":28,"column":2},"end":{"line":45,"column":3}},"8":{"start":{"line":29,"column":4},"end":{"line":44,"column":5}},"9":{"start":{"line":46,"column":2},"end":{"line":46,"column":13}},"10":{"start":{"line":49,"column":0},"end":{"line":68,"column":1}},"11":{"start":{"line":70,"column":0},"end":{"line":73,"column":1}}},"fnMap":{"0":{"name":"(anonymous_0)","decl":{"start":{"line":5,"column":31},"end":{"line":5,"column":32}},"loc":{"start":{"line":6,"column":2},"end":{"line":25,"column":4}},"line":6},"1":{"name":"(anonymous_1)","decl":{"start":{"line":6,"column":25},"end":{"line":6,"column":26}},"loc":{"start":{"line":6,"column":35},"end":{"line":25,"column":3}},"line":6},"2":{"name":"(anonymous_2)","decl":{"start":{"line":9,"column":30},"end":{"line":9,"column":31}},"loc":{"start":{"line":10,"column":10},"end":{"line":16,"column":17}},"line":10},"3":{"name":"(anonymous_3)","decl":{"start":{"line":27,"column":26},"end":{"line":27,"column":27}},"loc":{"start":{"line":27,"column":50},"end":{"line":47,"column":1}},"line":27}},"branchMap":{"0":{"loc":{"start":{"line":7,"column":4},"end":{"line":24,"column":5}},"type":"switch","locations":[{"start":{"line":8,"column":6},"end":{"line":17,"column":10}},{"start":{"line":18,"column":6},"end":{"line":23,"column":9}}],"line":7},"1":{"loc":{"start":{"line":12,"column":21},"end":{"line":12,"column":65}},"type":"cond-expr","locations":[{"start":{"line":12,"column":33},"end":{"line":12,"column":44}},{"start":{"line":12,"column":47},"end":{"line":12,"column":65}}],"line":12},"2":{"loc":{"start":{"line":13,"column":16},"end":{"line":13,"column":38}},"type":"cond-expr","locations":[{"start":{"line":13,"column":33},"end":{"line":13,"column":34}},{"start":{"line":13,"column":37},"end":{"line":13,"column":38}}],"line":13},"3":{"loc":{"start":{"line":28,"column":2},"end":{"line":45,"column":3}},"type":"if","locations":[{"start":{"line":28,"column":2},"end":{"line":45,"column":3}},{"start":{"line":28,"column":2},"end":{"line":45,"column":3}}],"line":28},"4":{"loc":{"start":{"line":28,"column":6},"end":{"line":28,"column":63}},"type":"binary-expr","locations":[{"start":{"line":28,"column":7},"end":{"line":28,"column":29}},{"start":{"line":28,"column":33},"end":{"line":28,"column":40}},{"start":{"line":28,"column":45},"end":{"line":28,"column":63}}],"line":28}},"s":{"0":2,"1":5,"2":10,"3":5,"4":10,"5":5,"6":2,"7":15,"8":5,"9":10,"10":2,"11":2},"f":{"0":5,"1":10,"2":10,"3":15},"b":{"0":[5,5],"1":[5,5],"2":[1,9],"3":[5,10],"4":[15,10,6]},"_coverageSchema":"1a1c01bbd47fc00a2c39e90264f33305004495a9","hash":"460df9a069d3c89fb464c749c24bb1d4286f8b99"}
,"/Users/pkibbey/Sites/lp-react-components/src/components/InputField/PasswordIcon.js": {"path":"/Users/pkibbey/Sites/lp-react-components/src/components/InputField/PasswordIcon.js","statementMap":{"0":{"start":{"line":5,"column":2},"end":{"line":25,"column":3}}},"fnMap":{"0":{"name":"PasswordIcon","decl":{"start":{"line":4,"column":9},"end":{"line":4,"column":21}},"loc":{"start":{"line":4,"column":35},"end":{"line":26,"column":1}},"line":4}},"branchMap":{"0":{"loc":{"start":{"line":17,"column":12},"end":{"line":19,"column":110}},"type":"cond-expr","locations":[{"start":{"line":18,"column":16},"end":{"line":18,"column":171}},{"start":{"line":19,"column":16},"end":{"line":19,"column":110}}],"line":17}},"s":{"0":4},"f":{"0":4},"b":{"0":[2,2]},"_coverageSchema":"1a1c01bbd47fc00a2c39e90264f33305004495a9","hash":"2028798210dfdc79bd769cb5850df2d84fca2b0c"}
,"/Users/pkibbey/Sites/lp-react-components/src/components/InputField/index.js": {"path":"/Users/pkibbey/Sites/lp-react-components/src/components/InputField/index.js","statementMap":{"0":{"start":{"line":16,"column":19},"end":{"line":127,"column":1}},"1":{"start":{"line":28,"column":36},"end":{"line":28,"column":51}},"2":{"start":{"line":29,"column":52},"end":{"line":29,"column":67}},"3":{"start":{"line":30,"column":19},"end":{"line":30,"column":27}},"4":{"start":{"line":32,"column":21},"end":{"line":32,"column":40}},"5":{"start":{"line":33,"column":20},"end":{"line":33,"column":42}},"6":{"start":{"line":35,"column":30},"end":{"line":39,"column":3}},"7":{"start":{"line":38,"column":4},"end":{"line":38,"column":54}},"8":{"start":{"line":41,"column":2},"end":{"line":46,"column":25}},"9":{"start":{"line":43,"column":4},"end":{"line":45,"column":5}},"10":{"start":{"line":44,"column":6},"end":{"line":44,"column":30}},"11":{"start":{"line":48,"column":25},"end":{"line":65,"column":3}},"12":{"start":{"line":49,"column":4},"end":{"line":64,"column":11}},"13":{"start":{"line":52,"column":21},"end":{"line":52,"column":61}},"14":{"start":{"line":67,"column":21},"end":{"line":72,"column":3}},"15":{"start":{"line":68,"column":4},"end":{"line":70,"column":5}},"16":{"start":{"line":69,"column":6},"end":{"line":69,"column":32}},"17":{"start":{"line":71,"column":4},"end":{"line":71,"column":53}},"18":{"start":{"line":74,"column":2},"end":{"line":126,"column":3}},"19":{"start":{"line":104,"column":29},"end":{"line":104,"column":47}},"20":{"start":{"line":106,"column":16},"end":{"line":106,"column":35}},"21":{"start":{"line":107,"column":16},"end":{"line":107,"column":71}},"22":{"start":{"line":113,"column":16},"end":{"line":113,"column":70}},"23":{"start":{"line":129,"column":0},"end":{"line":167,"column":1}},"24":{"start":{"line":169,"column":0},"end":{"line":171,"column":1}}},"fnMap":{"0":{"name":"(anonymous_0)","decl":{"start":{"line":16,"column":19},"end":{"line":16,"column":20}},"loc":{"start":{"line":27,"column":6},"end":{"line":127,"column":1}},"line":27},"1":{"name":"(anonymous_1)","decl":{"start":{"line":35,"column":30},"end":{"line":35,"column":31}},"loc":{"start":{"line":35,"column":36},"end":{"line":39,"column":3}},"line":35},"2":{"name":"(anonymous_2)","decl":{"start":{"line":41,"column":12},"end":{"line":41,"column":13}},"loc":{"start":{"line":41,"column":18},"end":{"line":46,"column":3}},"line":41},"3":{"name":"(anonymous_3)","decl":{"start":{"line":48,"column":25},"end":{"line":48,"column":26}},"loc":{"start":{"line":49,"column":4},"end":{"line":64,"column":11}},"line":49},"4":{"name":"(anonymous_4)","decl":{"start":{"line":52,"column":15},"end":{"line":52,"column":16}},"loc":{"start":{"line":52,"column":21},"end":{"line":52,"column":61}},"line":52},"5":{"name":"(anonymous_5)","decl":{"start":{"line":67,"column":21},"end":{"line":67,"column":22}},"loc":{"start":{"line":67,"column":27},"end":{"line":72,"column":3}},"line":67},"6":{"name":"(anonymous_6)","decl":{"start":{"line":104,"column":23},"end":{"line":104,"column":24}},"loc":{"start":{"line":104,"column":29},"end":{"line":104,"column":47}},"line":104},"7":{"name":"(anonymous_7)","decl":{"start":{"line":105,"column":22},"end":{"line":105,"column":23}},"loc":{"start":{"line":105,"column":28},"end":{"line":108,"column":15}},"line":105},"8":{"name":"(anonymous_8)","decl":{"start":{"line":112,"column":24},"end":{"line":112,"column":25}},"loc":{"start":{"line":113,"column":16},"end":{"line":113,"column":70}},"line":113}},"branchMap":{"0":{"loc":{"start":{"line":33,"column":20},"end":{"line":33,"column":42}},"type":"binary-expr","locations":[{"start":{"line":33,"column":20},"end":{"line":33,"column":25}},{"start":{"line":33,"column":29},"end":{"line":33,"column":42}}],"line":33},"1":{"loc":{"start":{"line":43,"column":4},"end":{"line":45,"column":5}},"type":"if","locations":[{"start":{"line":43,"column":4},"end":{"line":45,"column":5}},{"start":{"line":43,"column":4},"end":{"line":45,"column":5}}],"line":43},"2":{"loc":{"start":{"line":63,"column":29},"end":{"line":63,"column":64}},"type":"cond-expr","locations":[{"start":{"line":63,"column":49},"end":{"line":63,"column":55}},{"start":{"line":63,"column":58},"end":{"line":63,"column":64}}],"line":63},"3":{"loc":{"start":{"line":68,"column":4},"end":{"line":70,"column":5}},"type":"if","locations":[{"start":{"line":68,"column":4},"end":{"line":70,"column":5}},{"start":{"line":68,"column":4},"end":{"line":70,"column":5}}],"line":68},"4":{"loc":{"start":{"line":71,"column":11},"end":{"line":71,"column":53}},"type":"cond-expr","locations":[{"start":{"line":71,"column":23},"end":{"line":71,"column":39}},{"start":{"line":71,"column":42},"end":{"line":71,"column":53}}],"line":71},"5":{"loc":{"start":{"line":79,"column":21},"end":{"line":79,"column":62}},"type":"cond-expr","locations":[{"start":{"line":79,"column":35},"end":{"line":79,"column":42}},{"start":{"line":79,"column":45},"end":{"line":79,"column":62}}],"line":79},"6":{"loc":{"start":{"line":83,"column":23},"end":{"line":83,"column":57}},"type":"cond-expr","locations":[{"start":{"line":83,"column":37},"end":{"line":83,"column":44}},{"start":{"line":83,"column":47},"end":{"line":83,"column":57}}],"line":83},"7":{"loc":{"start":{"line":95,"column":13},"end":{"line":95,"column":45}},"type":"binary-expr","locations":[{"start":{"line":95,"column":13},"end":{"line":95,"column":23}},{"start":{"line":95,"column":27},"end":{"line":95,"column":45}}],"line":95},"8":{"loc":{"start":{"line":100,"column":20},"end":{"line":100,"column":74}},"type":"cond-expr","locations":[{"start":{"line":100,"column":55},"end":{"line":100,"column":65}},{"start":{"line":100,"column":68},"end":{"line":100,"column":74}}],"line":100},"9":{"loc":{"start":{"line":100,"column":20},"end":{"line":100,"column":52}},"type":"binary-expr","locations":[{"start":{"line":100,"column":20},"end":{"line":100,"column":30}},{"start":{"line":100,"column":34},"end":{"line":100,"column":52}}],"line":100},"10":{"loc":{"start":{"line":102,"column":18},"end":{"line":102,"column":35}},"type":"cond-expr","locations":[{"start":{"line":102,"column":30},"end":{"line":102,"column":31}},{"start":{"line":102,"column":34},"end":{"line":102,"column":35}}],"line":102},"11":{"loc":{"start":{"line":107,"column":16},"end":{"line":107,"column":71}},"type":"binary-expr","locations":[{"start":{"line":107,"column":16},"end":{"line":107,"column":26}},{"start":{"line":107,"column":30},"end":{"line":107,"column":71}}],"line":107},"12":{"loc":{"start":{"line":111,"column":18},"end":{"line":111,"column":58}},"type":"cond-expr","locations":[{"start":{"line":111,"column":53},"end":{"line":111,"column":54}},{"start":{"line":111,"column":57},"end":{"line":111,"column":58}}],"line":111},"13":{"loc":{"start":{"line":111,"column":18},"end":{"line":111,"column":50}},"type":"binary-expr","locations":[{"start":{"line":111,"column":18},"end":{"line":111,"column":28}},{"start":{"line":111,"column":32},"end":{"line":111,"column":50}}],"line":111},"14":{"loc":{"start":{"line":113,"column":16},"end":{"line":113,"column":70}},"type":"binary-expr","locations":[{"start":{"line":113,"column":16},"end":{"line":113,"column":28}},{"start":{"line":113,"column":32},"end":{"line":113,"column":70}}],"line":113},"15":{"loc":{"start":{"line":119,"column":11},"end":{"line":121,"column":11}},"type":"binary-expr","locations":[{"start":{"line":119,"column":11},"end":{"line":119,"column":23}},{"start":{"line":120,"column":12},"end":{"line":120,"column":67}}],"line":119},"16":{"loc":{"start":{"line":123,"column":9},"end":{"line":123,"column":56}},"type":"binary-expr","locations":[{"start":{"line":123,"column":9},"end":{"line":123,"column":18}},{"start":{"line":123,"column":22},"end":{"line":123,"column":56}}],"line":123}},"s":{"0":1,"1":8,"2":8,"3":8,"4":8,"5":8,"6":8,"7":8,"8":8,"9":6,"10":1,"11":8,"12":4,"13":1,"14":8,"15":8,"16":1,"17":7,"18":8,"19":1,"20":1,"21":1,"22":1,"23":1,"24":1},"f":{"0":8,"1":8,"2":6,"3":4,"4":1,"5":8,"6":1,"7":1,"8":1},"b":{"0":[8,2],"1":[1,5],"2":[2,2],"3":[1,7],"4":[1,6],"5":[2,6],"6":[2,6],"7":[8,2],"8":[1,7],"9":[8,2],"10":[2,6],"11":[1,1],"12":[1,7],"13":[8,2],"14":[1,1],"15":[8,6],"16":[8,2]},"_coverageSchema":"1a1c01bbd47fc00a2c39e90264f33305004495a9","hash":"5436855e9f156750ccde185f34778cd9f5a2585c"}
,"/Users/pkibbey/Sites/lp-react-components/src/components/Loader/index.js": {"path":"/Users/pkibbey/Sites/lp-react-components/src/components/Loader/index.js","statementMap":{"0":{"start":{"line":6,"column":24},"end":{"line":15,"column":1}},"1":{"start":{"line":7,"column":2},"end":{"line":14,"column":3}},"2":{"start":{"line":9,"column":6},"end":{"line":9,"column":15}},"3":{"start":{"line":11,"column":6},"end":{"line":11,"column":15}},"4":{"start":{"line":13,"column":6},"end":{"line":13,"column":15}},"5":{"start":{"line":20,"column":15},"end":{"line":26,"column":1}},"6":{"start":{"line":21,"column":2},"end":{"line":25,"column":4}},"7":{"start":{"line":28,"column":0},"end":{"line":35,"column":1}},"8":{"start":{"line":37,"column":0},"end":{"line":41,"column":1}}},"fnMap":{"0":{"name":"(anonymous_0)","decl":{"start":{"line":6,"column":24},"end":{"line":6,"column":25}},"loc":{"start":{"line":6,"column":34},"end":{"line":15,"column":1}},"line":6},"1":{"name":"(anonymous_1)","decl":{"start":{"line":20,"column":15},"end":{"line":20,"column":16}},"loc":{"start":{"line":21,"column":2},"end":{"line":25,"column":4}},"line":21}},"branchMap":{"0":{"loc":{"start":{"line":7,"column":2},"end":{"line":14,"column":3}},"type":"switch","locations":[{"start":{"line":8,"column":4},"end":{"line":9,"column":15}},{"start":{"line":10,"column":4},"end":{"line":11,"column":15}},{"start":{"line":12,"column":4},"end":{"line":13,"column":15}}],"line":7},"1":{"loc":{"start":{"line":24,"column":11},"end":{"line":24,"column":63}},"type":"cond-expr","locations":[{"start":{"line":24,"column":32},"end":{"line":24,"column":53}},{"start":{"line":24,"column":56},"end":{"line":24,"column":63}}],"line":24}},"s":{"0":2,"1":7,"2":3,"3":1,"4":3,"5":2,"6":7,"7":2,"8":2},"f":{"0":7,"1":7},"b":{"0":[3,1,3],"1":[2,5]},"_coverageSchema":"1a1c01bbd47fc00a2c39e90264f33305004495a9","hash":"5eba7768e032f359ed6562b093c0edf5becae4b0"}
,"/Users/pkibbey/Sites/lp-react-components/src/components/LoadingDots/index.js": {"path":"/Users/pkibbey/Sites/lp-react-components/src/components/LoadingDots/index.js","statementMap":{"0":{"start":{"line":7,"column":15},"end":{"line":20,"column":1}},"1":{"start":{"line":21,"column":19},"end":{"line":36,"column":1}},"2":{"start":{"line":22,"column":2},"end":{"line":35,"column":4}},"3":{"start":{"line":43,"column":20},"end":{"line":60,"column":1}},"4":{"start":{"line":44,"column":2},"end":{"line":59,"column":8}},"5":{"start":{"line":62,"column":0},"end":{"line":65,"column":1}},"6":{"start":{"line":67,"column":0},"end":{"line":69,"column":1}}},"fnMap":{"0":{"name":"(anonymous_0)","decl":{"start":{"line":21,"column":19},"end":{"line":21,"column":20}},"loc":{"start":{"line":22,"column":2},"end":{"line":35,"column":4}},"line":22},"1":{"name":"(anonymous_1)","decl":{"start":{"line":43,"column":20},"end":{"line":43,"column":21}},"loc":{"start":{"line":44,"column":2},"end":{"line":59,"column":8}},"line":44}},"branchMap":{"0":{"loc":{"start":{"line":25,"column":23},"end":{"line":25,"column":78}},"type":"cond-expr","locations":[{"start":{"line":25,"column":45},"end":{"line":25,"column":52}},{"start":{"line":25,"column":55},"end":{"line":25,"column":78}}],"line":25}},"s":{"0":1,"1":1,"2":6,"3":1,"4":2,"5":1,"6":1},"f":{"0":6,"1":2},"b":{"0":[3,3]},"_coverageSchema":"1a1c01bbd47fc00a2c39e90264f33305004495a9","hash":"840b7346dd14e842e10e1c639514c530b9d3e463"}
,"/Users/pkibbey/Sites/lp-react-components/src/components/Modal/index.js": {"path":"/Users/pkibbey/Sites/lp-react-components/src/components/Modal/index.js","statementMap":{"0":{"start":{"line":8,"column":2},"end":{"line":37,"column":3}},"1":{"start":{"line":28,"column":28},"end":{"line":28,"column":51}},"2":{"start":{"line":40,"column":0},"end":{"line":44,"column":1}},"3":{"start":{"line":46,"column":0},"end":{"line":50,"column":1}}},"fnMap":{"0":{"name":"Modal","decl":{"start":{"line":7,"column":9},"end":{"line":7,"column":14}},"loc":{"start":{"line":7,"column":50},"end":{"line":38,"column":1}},"line":7},"1":{"name":"(anonymous_1)","decl":{"start":{"line":28,"column":17},"end":{"line":28,"column":18}},"loc":{"start":{"line":28,"column":28},"end":{"line":28,"column":51}},"line":28}},"branchMap":{},"s":{"0":4,"1":1,"2":1,"3":1},"f":{"0":4,"1":1},"b":{},"_coverageSchema":"1a1c01bbd47fc00a2c39e90264f33305004495a9","hash":"0d8418c62a3d7c04ae8facc3b9bd47573b532f66"}
,"/Users/pkibbey/Sites/lp-react-components/src/components/SelectField/index.js": {"path":"/Users/pkibbey/Sites/lp-react-components/src/components/SelectField/index.js","statementMap":{"0":{"start":{"line":13,"column":20},"end":{"line":77,"column":1}},"1":{"start":{"line":22,"column":20},"end":{"line":22,"column":42}},"2":{"start":{"line":24,"column":21},"end":{"line":29,"column":3}},"3":{"start":{"line":25,"column":4},"end":{"line":27,"column":5}},"4":{"start":{"line":26,"column":6},"end":{"line":26,"column":29}},"5":{"start":{"line":28,"column":4},"end":{"line":28,"column":22}},"6":{"start":{"line":31,"column":2},"end":{"line":76,"column":3}},"7":{"start":{"line":49,"column":14},"end":{"line":49,"column":68}},"8":{"start":{"line":52,"column":14},"end":{"line":52,"column":69}},"9":{"start":{"line":62,"column":14},"end":{"line":68,"column":23}},"10":{"start":{"line":79,"column":0},"end":{"line":98,"column":1}},"11":{"start":{"line":100,"column":0},"end":{"line":106,"column":1}}},"fnMap":{"0":{"name":"(anonymous_0)","decl":{"start":{"line":13,"column":20},"end":{"line":13,"column":21}},"loc":{"start":{"line":21,"column":6},"end":{"line":77,"column":1}},"line":21},"1":{"name":"(anonymous_1)","decl":{"start":{"line":24,"column":21},"end":{"line":24,"column":22}},"loc":{"start":{"line":24,"column":27},"end":{"line":29,"column":3}},"line":24},"2":{"name":"(anonymous_2)","decl":{"start":{"line":48,"column":22},"end":{"line":48,"column":23}},"loc":{"start":{"line":49,"column":14},"end":{"line":49,"column":68}},"line":49},"3":{"name":"(anonymous_3)","decl":{"start":{"line":51,"column":20},"end":{"line":51,"column":21}},"loc":{"start":{"line":52,"column":14},"end":{"line":52,"column":69}},"line":52},"4":{"name":"(anonymous_4)","decl":{"start":{"line":61,"column":25},"end":{"line":61,"column":26}},"loc":{"start":{"line":62,"column":14},"end":{"line":68,"column":23}},"line":62}},"branchMap":{"0":{"loc":{"start":{"line":22,"column":20},"end":{"line":22,"column":42}},"type":"binary-expr","locations":[{"start":{"line":22,"column":20},"end":{"line":22,"column":25}},{"start":{"line":22,"column":29},"end":{"line":22,"column":42}}],"line":22},"1":{"loc":{"start":{"line":25,"column":4},"end":{"line":27,"column":5}},"type":"if","locations":[{"start":{"line":25,"column":4},"end":{"line":27,"column":5}},{"start":{"line":25,"column":4},"end":{"line":27,"column":5}}],"line":25},"2":{"loc":{"start":{"line":37,"column":21},"end":{"line":37,"column":62}},"type":"cond-expr","locations":[{"start":{"line":37,"column":35},"end":{"line":37,"column":42}},{"start":{"line":37,"column":45},"end":{"line":37,"column":62}}],"line":37},"3":{"loc":{"start":{"line":41,"column":23},"end":{"line":41,"column":57}},"type":"cond-expr","locations":[{"start":{"line":41,"column":37},"end":{"line":41,"column":44}},{"start":{"line":41,"column":47},"end":{"line":41,"column":57}}],"line":41},"4":{"loc":{"start":{"line":49,"column":14},"end":{"line":49,"column":68}},"type":"binary-expr","locations":[{"start":{"line":49,"column":14},"end":{"line":49,"column":26}},{"start":{"line":49,"column":30},"end":{"line":49,"column":68}}],"line":49},"5":{"loc":{"start":{"line":52,"column":14},"end":{"line":52,"column":69}},"type":"binary-expr","locations":[{"start":{"line":52,"column":14},"end":{"line":52,"column":24}},{"start":{"line":52,"column":28},"end":{"line":52,"column":69}}],"line":52},"6":{"loc":{"start":{"line":55,"column":16},"end":{"line":55,"column":33}},"type":"cond-expr","locations":[{"start":{"line":55,"column":28},"end":{"line":55,"column":29}},{"start":{"line":55,"column":32},"end":{"line":55,"column":33}}],"line":55}},"s":{"0":1,"1":6,"2":6,"3":6,"4":2,"5":4,"6":6,"7":1,"8":1,"9":18,"10":1,"11":1},"f":{"0":6,"1":6,"2":1,"3":1,"4":18},"b":{"0":[6,6],"1":[2,4],"2":[1,5],"3":[1,5],"4":[1,1],"5":[1,1],"6":[2,4]},"_coverageSchema":"1a1c01bbd47fc00a2c39e90264f33305004495a9","hash":"cef5e59921e3be1bdef2f3368735bcf1e7d88ec1"}
}
