TN:
SF:/Users/pkibbey/Sites/lp-react-components/src/components/ThemeWrapper.js
FN:11,(anonymous_0)
FNF:1
FNH:1
FNDA:24,(anonymous_0)
DA:11,4
DA:12,24
DA:19,4
DA:24,4
LF:4
LH:4
BRF:0
BRH:0
end_of_record
TN:
SF:/Users/pkibbey/Sites/lp-react-components/src/components/Button/index.js
FN:10,(anonymous_0)
FNF:1
FNH:1
FNDA:6,(anonymous_0)
DA:10,1
DA:18,6
DA:37,1
DA:50,1
LF:4
LH:4
BRDA:22,0,0,1
BRDA:22,0,1,5
BRDA:25,1,0,2
BRDA:25,1,1,4
BRDA:27,2,0,1
BRDA:27,2,1,1
BRDA:28,3,0,1
BRDA:28,3,1,1
BRF:8
BRH:8
end_of_record
TN:
SF:/Users/pkibbey/Sites/lp-react-components/src/components/ErrorText/index.js
FN:11,(anonymous_0)
FNF:1
FNH:1
FNDA:12,(anonymous_0)
DA:11,3
DA:12,12
DA:20,3
DA:29,3
LF:4
LH:4
BRDA:12,0,0,2
BRDA:12,0,1,10
BRDA:12,1,0,12
BRDA:12,1,1,6
BRF:4
BRH:4
end_of_record
TN:
SF:/Users/pkibbey/Sites/lp-react-components/src/components/InputField/ErrorRequirements.js
FN:5,(anonymous_0)
FN:6,(anonymous_1)
FN:9,(anonymous_2)
FN:28,(anonymous_3)
FNF:4
FNH:4
FNDA:3,(anonymous_0)
FNDA:6,(anonymous_1)
FNDA:6,(anonymous_2)
FNDA:9,(anonymous_3)
DA:5,2
DA:6,3
DA:7,6
DA:9,3
DA:10,6
DA:19,3
DA:28,2
DA:29,9
DA:30,3
DA:47,6
DA:50,2
DA:71,2
LF:12
LH:12
BRDA:7,0,0,3
BRDA:7,0,1,3
BRDA:12,1,0,3
BRDA:12,1,1,3
BRDA:13,2,0,1
BRDA:13,2,1,5
BRDA:29,3,0,3
BRDA:29,3,1,6
BRDA:29,4,0,9
BRDA:29,4,1,6
BRDA:29,4,2,4
BRF:11
BRH:11
end_of_record
TN:
SF:/Users/pkibbey/Sites/lp-react-components/src/components/InputField/PasswordIcon.js
FN:4,PasswordIcon
FNF:1
FNH:1
FNDA:2,PasswordIcon
DA:5,2
LF:1
LH:1
BRDA:17,0,0,1
BRDA:17,0,1,1
BRF:2
BRH:2
end_of_record
TN:
SF:/Users/pkibbey/Sites/lp-react-components/src/components/InputField/index.js
FN:16,(anonymous_0)
FN:35,(anonymous_1)
FN:41,(anonymous_2)
FN:48,(anonymous_3)
FN:52,(anonymous_4)
FN:67,(anonymous_5)
FN:104,(anonymous_6)
FN:105,(anonymous_7)
FN:112,(anonymous_8)
FNF:9
FNH:9
FNDA:8,(anonymous_0)
FNDA:8,(anonymous_1)
FNDA:6,(anonymous_2)
FNDA:2,(anonymous_3)
FNDA:1,(anonymous_4)
FNDA:8,(anonymous_5)
FNDA:1,(anonymous_6)
FNDA:1,(anonymous_7)
FNDA:1,(anonymous_8)
DA:16,1
DA:28,8
DA:29,8
DA:30,8
DA:32,8
DA:33,8
DA:35,8
DA:38,8
DA:41,8
DA:43,6
DA:44,1
DA:48,8
DA:49,2
DA:52,1
DA:67,8
DA:68,8
DA:69,1
DA:71,7
DA:74,8
DA:104,1
DA:106,1
DA:107,1
DA:113,1
DA:129,1
DA:171,1
LF:25
LH:25
BRDA:33,0,0,8
BRDA:33,0,1,2
BRDA:43,1,0,1
BRDA:43,1,1,5
BRDA:63,2,0,1
BRDA:63,2,1,1
BRDA:68,3,0,1
BRDA:68,3,1,7
BRDA:71,4,0,1
BRDA:71,4,1,6
BRDA:79,5,0,2
BRDA:79,5,1,6
BRDA:83,6,0,2
BRDA:83,6,1,6
BRDA:95,7,0,8
BRDA:95,7,1,2
BRDA:100,8,0,1
BRDA:100,8,1,7
BRDA:100,9,0,8
BRDA:100,9,1,2
BRDA:102,10,0,2
BRDA:102,10,1,6
BRDA:107,11,0,1
BRDA:107,11,1,1
BRDA:111,12,0,1
BRDA:111,12,1,7
BRDA:111,13,0,8
BRDA:111,13,1,2
BRDA:113,14,0,1
BRDA:113,14,1,1
BRDA:119,15,0,8
BRDA:119,15,1,6
BRDA:123,16,0,8
BRDA:123,16,1,2
BRF:34
BRH:34
end_of_record
TN:
SF:/Users/pkibbey/Sites/lp-react-components/src/components/Loader/index.js
FN:6,(anonymous_0)
FN:20,(anonymous_1)
FNF:2
FNH:2
FNDA:5,(anonymous_0)
FNDA:5,(anonymous_1)
DA:6,2
DA:7,5
DA:9,2
DA:11,1
DA:13,2
DA:20,2
DA:21,5
DA:28,2
DA:37,2
LF:9
LH:9
BRDA:7,0,0,2
BRDA:7,0,1,1
BRDA:7,0,2,2
BRDA:24,1,0,1
BRDA:24,1,1,4
BRF:5
BRH:5
end_of_record
TN:
SF:/Users/pkibbey/Sites/lp-react-components/src/components/LoadingDots/index.js
FN:21,(anonymous_0)
FN:43,(anonymous_1)
FNF:2
FNH:2
FNDA:6,(anonymous_0)
FNDA:2,(anonymous_1)
DA:7,1
DA:21,1
DA:22,6
DA:43,1
DA:44,2
DA:62,1
DA:67,1
LF:7
LH:7
BRDA:25,0,0,3
BRDA:25,0,1,3
BRF:2
BRH:2
end_of_record
TN:
SF:/Users/pkibbey/Sites/lp-react-components/src/components/Modal/index.js
FN:7,Modal
FN:28,(anonymous_1)
FNF:2
FNH:2
FNDA:4,Modal
FNDA:1,(anonymous_1)
DA:8,4
DA:28,1
DA:44,1
DA:50,1
LF:4
LH:4
BRF:0
BRH:0
end_of_record
TN:
SF:/Users/pkibbey/Sites/lp-react-components/src/components/SelectField/index.js
FN:13,(anonymous_0)
FN:24,(anonymous_1)
FN:48,(anonymous_2)
FN:51,(anonymous_3)
FN:61,(anonymous_4)
FNF:5
FNH:5
FNDA:6,(anonymous_0)
FNDA:6,(anonymous_1)
FNDA:1,(anonymous_2)
FNDA:1,(anonymous_3)
FNDA:18,(anonymous_4)
DA:13,1
DA:22,6
DA:24,6
DA:25,6
DA:26,2
DA:28,4
DA:31,6
DA:49,1
DA:52,1
DA:62,18
DA:79,1
DA:100,1
LF:12
LH:12
BRDA:22,0,0,6
BRDA:22,0,1,6
BRDA:25,1,0,2
BRDA:25,1,1,4
BRDA:37,2,0,1
BRDA:37,2,1,5
BRDA:41,3,0,1
BRDA:41,3,1,5
BRDA:49,4,0,1
BRDA:49,4,1,1
BRDA:52,5,0,1
BRDA:52,5,1,1
BRDA:55,6,0,2
BRDA:55,6,1,4
BRF:14
BRH:14
end_of_record
