TN:
SF:/Users/pkibbey/Sites/react-ui-components/src/theme.js
FNF:0
FNH:0
LF:0
LH:0
BRF:0
BRH:0
end_of_record
TN:
SF:/Users/pkibbey/Sites/react-ui-components/src/components/Button/index.js
FN:7,(anonymous_0)
FN:56,(anonymous_1)
FN:82,(anonymous_2)
FNF:3
FNH:0
FNDA:0,(anonymous_0)
FNDA:0,(anonymous_1)
FNDA:0,(anonymous_2)
DA:7,0
DA:8,0
DA:10,0
DA:29,0
DA:56,0
DA:57,0
DA:69,0
DA:80,0
LF:8
LH:0
BRDA:8,0,0,0
BRDA:8,0,1,0
BRDA:58,1,0,0
BRDA:58,1,1,0
BRDA:60,2,0,0
BRDA:60,2,1,0
BRDA:61,3,0,0
BRDA:61,3,1,0
BRF:8
BRH:0
end_of_record
TN:
SF:/Users/pkibbey/Sites/react-ui-components/src/components/ErrorText/index.js
FN:11,(anonymous_0)
FNF:1
FNH:1
FNDA:8,(anonymous_0)
DA:11,3
DA:12,8
DA:28,3
DA:37,3
LF:4
LH:4
BRDA:12,0,0,0
BRDA:12,0,1,8
BRDA:12,1,0,8
BRDA:12,1,1,4
BRF:4
BRH:3
end_of_record
TN:
SF:/Users/pkibbey/Sites/react-ui-components/src/components/InputField/ErrorRequirements.js
FN:6,(anonymous_0)
FN:27,(anonymous_1)
FN:28,(anonymous_2)
FN:31,(anonymous_3)
FN:52,(anonymous_4)
FNF:5
FNH:5
FNDA:9,(anonymous_0)
FNDA:3,(anonymous_1)
FNDA:21,(anonymous_2)
FNDA:4,(anonymous_3)
FNDA:11,(anonymous_4)
DA:6,2
DA:7,9
DA:9,2
DA:17,7
DA:27,2
DA:28,3
DA:29,21
DA:31,2
DA:32,4
DA:41,2
DA:48,17
DA:52,2
DA:53,11
DA:54,3
DA:70,8
DA:73,2
DA:97,2
LF:17
LH:17
BRDA:7,0,0,2
BRDA:7,0,1,7
BRDA:29,1,0,2
BRDA:29,1,1,2
BRDA:29,1,2,17
BRDA:34,2,0,2
BRDA:34,2,1,2
BRDA:35,3,0,1
BRDA:35,3,1,3
BRDA:53,4,0,3
BRDA:53,4,1,8
BRDA:53,5,0,11
BRDA:53,5,1,8
BRDA:53,5,2,5
BRF:14
BRH:14
end_of_record
TN:
SF:/Users/pkibbey/Sites/react-ui-components/src/components/InputField/PasswordIcon.js
FN:3,PasswordIcon
FNF:1
FNH:1
FNDA:2,PasswordIcon
DA:4,2
LF:1
LH:1
BRDA:15,0,0,1
BRDA:15,0,1,1
BRF:2
BRH:2
end_of_record
TN:
SF:/Users/pkibbey/Sites/react-ui-components/src/components/InputField/index.js
FN:10,(anonymous_0)
FN:66,(anonymous_1)
FN:84,(anonymous_2)
FN:90,(anonymous_3)
FN:97,(anonymous_4)
FN:102,(anonymous_5)
FN:148,(anonymous_6)
FN:149,(anonymous_7)
FN:154,(anonymous_8)
FNF:9
FNH:9
FNDA:7,(anonymous_0)
FNDA:7,(anonymous_1)
FNDA:7,(anonymous_2)
FNDA:5,(anonymous_3)
FNDA:2,(anonymous_4)
FNDA:1,(anonymous_5)
FNDA:1,(anonymous_6)
FNDA:1,(anonymous_7)
FNDA:1,(anonymous_8)
DA:10,1
DA:11,7
DA:13,1
DA:36,6
DA:66,1
DA:77,7
DA:78,7
DA:79,7
DA:81,7
DA:82,7
DA:84,7
DA:87,7
DA:90,7
DA:92,5
DA:93,1
DA:97,7
DA:98,2
DA:102,1
DA:117,7
DA:148,1
DA:150,1
DA:151,1
DA:155,1
DA:174,1
DA:214,1
LF:25
LH:25
BRDA:11,0,0,1
BRDA:11,0,1,6
BRDA:82,1,0,7
BRDA:82,1,1,1
BRDA:92,2,0,1
BRDA:92,2,1,4
BRDA:113,3,0,1
BRDA:113,3,1,1
BRDA:121,4,0,0
BRDA:121,4,1,7
BRDA:138,5,0,7
BRDA:138,5,1,2
BRDA:144,6,0,1
BRDA:144,6,1,6
BRDA:144,7,0,7
BRDA:144,7,1,2
BRDA:146,8,0,1
BRDA:146,8,1,6
BRDA:151,9,0,1
BRDA:151,9,1,1
BRDA:153,10,0,1
BRDA:153,10,1,6
BRDA:153,11,0,7
BRDA:153,11,1,2
BRDA:155,12,0,1
BRDA:155,12,1,1
BRDA:158,13,0,1
BRDA:158,13,1,6
BRDA:169,14,0,7
BRDA:169,14,1,1
BRF:30
BRH:29
end_of_record
TN:
SF:/Users/pkibbey/Sites/react-ui-components/src/components/Loader/LoadingIcon.js
FN:4,LoadingIcon
FNF:1
FNH:1
FNDA:1,LoadingIcon
DA:5,1
LF:1
LH:1
BRDA:10,0,0,0
BRDA:10,0,1,1
BRF:2
BRH:1
end_of_record
TN:
SF:/Users/pkibbey/Sites/react-ui-components/src/components/Loader/index.js
FN:5,(anonymous_0)
FN:19,(anonymous_1)
FNF:2
FNH:2
FNDA:2,(anonymous_0)
FNDA:1,(anonymous_1)
DA:5,1
DA:6,2
DA:8,0
DA:10,0
DA:12,2
DA:19,1
DA:20,1
DA:28,1
DA:35,1
LF:9
LH:7
BRDA:6,0,0,0
BRDA:6,0,1,0
BRDA:6,0,2,2
BRF:3
BRH:1
end_of_record
TN:
SF:/Users/pkibbey/Sites/react-ui-components/src/components/LoadingDots/index.js
FN:21,(anonymous_0)
FN:43,(anonymous_1)
FNF:2
FNH:0
FNDA:0,(anonymous_0)
FNDA:0,(anonymous_1)
DA:7,0
DA:21,0
DA:22,0
DA:43,0
DA:44,0
DA:62,0
DA:67,0
LF:7
LH:0
BRDA:25,0,0,0
BRDA:25,0,1,0
BRF:2
BRH:0
end_of_record
TN:
SF:/Users/pkibbey/Sites/react-ui-components/src/components/SelectField/index.js
FN:8,(anonymous_0)
FN:110,(anonymous_1)
FN:121,(anonymous_2)
FN:159,(anonymous_3)
FN:162,(anonymous_4)
FN:174,(anonymous_5)
FNF:6
FNH:6
FNDA:4,(anonymous_0)
FNDA:4,(anonymous_1)
FNDA:4,(anonymous_2)
FNDA:1,(anonymous_3)
FNDA:1,(anonymous_4)
FNDA:12,(anonymous_5)
DA:8,1
DA:9,4
DA:11,1
DA:34,0
DA:57,0
DA:80,3
DA:110,1
DA:119,4
DA:121,4
DA:122,4
DA:123,0
DA:125,4
DA:126,1
DA:128,3
DA:129,0
DA:131,3
DA:134,4
DA:160,1
DA:162,1
DA:175,12
DA:190,1
DA:211,1
LF:22
LH:18
BRDA:9,0,0,1
BRDA:9,0,1,0
BRDA:9,0,2,0
BRDA:9,0,3,3
BRDA:119,1,0,4
BRDA:119,1,1,4
BRDA:122,2,0,0
BRDA:122,2,1,4
BRDA:122,3,0,4
BRDA:122,3,1,1
BRDA:125,4,0,1
BRDA:125,4,1,3
BRDA:128,5,0,0
BRDA:128,5,1,3
BRDA:160,6,0,1
BRDA:160,6,1,1
BRDA:162,7,0,1
BRDA:162,7,1,1
BRDA:164,8,0,1
BRDA:164,8,1,3
BRF:20
BRH:16
end_of_record
